[debug] [2025-08-24T21:58:12.316Z] ----------------------------------------------------------------------
[debug] [2025-08-24T21:58:12.319Z] Command:       /opt/node-v20.11.0-linux-x64/bin/node /opt/node/bin/firebase deploy --only hosting
[debug] [2025-08-24T21:58:12.320Z] CLI Version:   14.14.0
[debug] [2025-08-24T21:58:12.320Z] Platform:      linux
[debug] [2025-08-24T21:58:12.320Z] Node Version:  v20.11.0
[debug] [2025-08-24T21:58:12.321Z] Time:          Sun Aug 24 2025 23:58:12 GMT+0200 (hora de verano de Europa central)
[debug] [2025-08-24T21:58:12.321Z] ----------------------------------------------------------------------
[debug] 
[debug] [2025-08-24T21:58:12.324Z] >>> [apiv2][query] GET https://firebase-public.firebaseio.com/cli.json [none]
[debug] [2025-08-24T21:58:12.791Z] > command requires scopes: ["email","openid","https://www.googleapis.com/auth/cloudplatformprojects.readonly","https://www.googleapis.com/auth/firebase","https://www.googleapis.com/auth/cloud-platform"]
[debug] [2025-08-24T21:58:12.791Z] > authorizing via signed-in user (mjfosela@gmail.com)
[debug] [2025-08-24T21:58:12.792Z] [iam] checking project lectur-app for permissions ["firebase.projects.get","firebasehosting.sites.update"]
[debug] [2025-08-24T21:58:12.793Z] Checked if tokens are valid: true, expires at: 1756074787179
[debug] [2025-08-24T21:58:12.794Z] Checked if tokens are valid: true, expires at: 1756074787179
[debug] [2025-08-24T21:58:12.794Z] >>> [apiv2][query] POST https://cloudresourcemanager.googleapis.com/v1/projects/lectur-app:testIamPermissions [none]
[debug] [2025-08-24T21:58:12.794Z] >>> [apiv2][(partial)header] POST https://cloudresourcemanager.googleapis.com/v1/projects/lectur-app:testIamPermissions x-goog-quota-user=projects/lectur-app
[debug] [2025-08-24T21:58:12.794Z] >>> [apiv2][body] POST https://cloudresourcemanager.googleapis.com/v1/projects/lectur-app:testIamPermissions {"permissions":["firebase.projects.get","firebasehosting.sites.update"]}
[debug] [2025-08-24T21:58:13.033Z] <<< [apiv2][status] GET https://firebase-public.firebaseio.com/cli.json 200
[debug] [2025-08-24T21:58:13.033Z] <<< [apiv2][body] GET https://firebase-public.firebaseio.com/cli.json {"cloudBuildErrorAfter":1594252800000,"cloudBuildWarnAfter":1590019200000,"defaultNode10After":1594252800000,"minVersion":"3.0.5","node8DeploysDisabledAfter":1613390400000,"node8RuntimeDisabledAfter":1615809600000,"node8WarnAfter":1600128000000}
[debug] [2025-08-24T21:58:13.452Z] <<< [apiv2][status] POST https://cloudresourcemanager.googleapis.com/v1/projects/lectur-app:testIamPermissions 200
[debug] [2025-08-24T21:58:13.452Z] <<< [apiv2][body] POST https://cloudresourcemanager.googleapis.com/v1/projects/lectur-app:testIamPermissions {"permissions":["firebase.projects.get","firebasehosting.sites.update"]}
[debug] [2025-08-24T21:58:13.453Z] Checked if tokens are valid: true, expires at: 1756074787179
[debug] [2025-08-24T21:58:13.454Z] Checked if tokens are valid: true, expires at: 1756074787179
[debug] [2025-08-24T21:58:13.454Z] >>> [apiv2][query] GET https://firebase.googleapis.com/v1beta1/projects/lectur-app [none]
[debug] [2025-08-24T21:58:13.727Z] <<< [apiv2][status] GET https://firebase.googleapis.com/v1beta1/projects/lectur-app 200
[debug] [2025-08-24T21:58:13.728Z] <<< [apiv2][body] GET https://firebase.googleapis.com/v1beta1/projects/lectur-app {"projectId":"lectur-app","projectNumber":"585977135338","displayName":"lectur-app","name":"projects/lectur-app","resources":{"hostingSite":"lectur-app","realtimeDatabaseInstance":"lectur-app-default-rtdb","locationId":"europe-west"},"state":"ACTIVE","etag":"1_6b2525a2-240c-4175-85a0-4e38d57ab518"}
[info] 
[info] === Deploying to 'lectur-app'...
[info] 
[info] i  deploying hosting 
[debug] [2025-08-24T21:58:13.738Z] Checked if tokens are valid: true, expires at: 1756074787179
[debug] [2025-08-24T21:58:13.738Z] Checked if tokens are valid: true, expires at: 1756074787179
[debug] [2025-08-24T21:58:13.738Z] >>> [apiv2][query] POST https://firebasehosting.googleapis.com/v1beta1/projects/-/sites/lectur-app/versions [none]
[debug] [2025-08-24T21:58:13.739Z] >>> [apiv2][body] POST https://firebasehosting.googleapis.com/v1beta1/projects/-/sites/lectur-app/versions {"status":"CREATED","labels":{"deployment-tool":"cli-firebase"}}
